<?xml version="1.0" encoding="UTF-8"?>
<!-- Generated by org.testng.reporters.JUnitReportReporter -->
<testsuite hostname="DESKTOP-D16FD6T" failures="0" tests="3" name="com.comcast.contacttest.ContactTest" time="0.025" errors="0" timestamp="21 Sep 2021 13:17:47 GMT" skipped="0">
  <testcase classname="com.comcast.contacttest.ContactTest" name="createContactTest" time="0.022"/>
  <testcase classname="com.comcast.contacttest.ContactTest" name="deleteContactTest" time="0.001"/>
  <testcase classname="com.comcast.contacttest.ContactTest" name="createContactWithOrgTest" time="0.002"/>
</testsuite> <!-- com.comcast.contacttest.ContactTest -->
